0 info it worked if it ends with ok
1 verbose cli [ '/usr/local/bin/node',
1 verbose cli   '/usr/local/bin/npm',
1 verbose cli   'run',
1 verbose cli   'package-win' ]
2 info using npm@3.10.10
3 info using node@v6.11.1
4 verbose run-script [ 'prepackage-win', 'package-win', 'postpackage-win' ]
5 info lifecycle pomodo_electron@1.0.0~prepackage-win: pomodo_electron@1.0.0
6 silly lifecycle pomodo_electron@1.0.0~prepackage-win: no script for prepackage-win, continuing
7 info lifecycle pomodo_electron@1.0.0~package-win: pomodo_electron@1.0.0
8 verbose lifecycle pomodo_electron@1.0.0~package-win: unsafe-perm in lifecycle true
9 verbose lifecycle pomodo_electron@1.0.0~package-win: PATH: /usr/local/lib/node_modules/npm/bin/node-gyp-bin:/Users/umutkoksaldi/Dropbox/PersonalProjects/JavaScript/pomodo-electron/pomodron/node_modules/.bin:/anaconda3/bin:/Library/Frameworks/Python.framework/Versions/3.6/bin:/usr/local/bin:/usr/bin:/bin:/usr/sbin:/sbin:/usr/local/share/dotnet:/Library/Frameworks/Mono.framework/Versions/Current/Commands
10 verbose lifecycle pomodo_electron@1.0.0~package-win: CWD: /Users/umutkoksaldi/Dropbox/PersonalProjects/JavaScript/pomodo-electron/pomodron
11 silly lifecycle pomodo_electron@1.0.0~package-win: Args: [ '-c',
11 silly lifecycle   'electron-packager . electron-tutorial-app --overwrite --asar=true --platform=win32 --arch=ia32 --icon=assets/icons/win/icon.ico --prune=true --out=release-builds --version-string.CompanyName=CE --version-string.FileDescription=CE --version-string.ProductName="Pomodron"' ]
12 silly lifecycle pomodo_electron@1.0.0~package-win: Returned: code: 1  signal: null
13 info lifecycle pomodo_electron@1.0.0~package-win: Failed to exec package-win script
14 verbose stack Error: pomodo_electron@1.0.0 package-win: `electron-packager . electron-tutorial-app --overwrite --asar=true --platform=win32 --arch=ia32 --icon=assets/icons/win/icon.ico --prune=true --out=release-builds --version-string.CompanyName=CE --version-string.FileDescription=CE --version-string.ProductName="Pomodron"`
14 verbose stack Exit status 1
14 verbose stack     at EventEmitter.<anonymous> (/usr/local/lib/node_modules/npm/lib/utils/lifecycle.js:255:16)
14 verbose stack     at emitTwo (events.js:106:13)
14 verbose stack     at EventEmitter.emit (events.js:191:7)
14 verbose stack     at ChildProcess.<anonymous> (/usr/local/lib/node_modules/npm/lib/utils/spawn.js:40:14)
14 verbose stack     at emitTwo (events.js:106:13)
14 verbose stack     at ChildProcess.emit (events.js:191:7)
14 verbose stack     at maybeClose (internal/child_process.js:891:16)
14 verbose stack     at Process.ChildProcess._handle.onexit (internal/child_process.js:226:5)
15 verbose pkgid pomodo_electron@1.0.0
16 verbose cwd /Users/umutkoksaldi/Dropbox/PersonalProjects/JavaScript/pomodo-electron/pomodron
17 error Darwin 17.0.0
18 error argv "/usr/local/bin/node" "/usr/local/bin/npm" "run" "package-win"
19 error node v6.11.1
20 error npm  v3.10.10
21 error code ELIFECYCLE
22 error pomodo_electron@1.0.0 package-win: `electron-packager . electron-tutorial-app --overwrite --asar=true --platform=win32 --arch=ia32 --icon=assets/icons/win/icon.ico --prune=true --out=release-builds --version-string.CompanyName=CE --version-string.FileDescription=CE --version-string.ProductName="Pomodron"`
22 error Exit status 1
23 error Failed at the pomodo_electron@1.0.0 package-win script 'electron-packager . electron-tutorial-app --overwrite --asar=true --platform=win32 --arch=ia32 --icon=assets/icons/win/icon.ico --prune=true --out=release-builds --version-string.CompanyName=CE --version-string.FileDescription=CE --version-string.ProductName="Pomodron"'.
23 error Make sure you have the latest version of node.js and npm installed.
23 error If you do, this is most likely a problem with the pomodo_electron package,
23 error not with npm itself.
23 error Tell the author that this fails on your system:
23 error     electron-packager . electron-tutorial-app --overwrite --asar=true --platform=win32 --arch=ia32 --icon=assets/icons/win/icon.ico --prune=true --out=release-builds --version-string.CompanyName=CE --version-string.FileDescription=CE --version-string.ProductName="Pomodron"
23 error You can get information on how to open an issue for this project with:
23 error     npm bugs pomodo_electron
23 error Or if that isn't available, you can get their info via:
23 error     npm owner ls pomodo_electron
23 error There is likely additional logging output above.
24 verbose exit [ 1, true ]
